<?xml version="1.0" encoding="UTF-8"?>
<!-- Generated by org.testng.reporters.JUnitXMLReporter -->
<testsuite hostname="DESKTOP-MOASIIL" name="Test case 1" tests="9" failures="0" timestamp="30 Jul 2022 16:21:05 GMT" time="28.825" errors="0">
  <testcase name="enterContactInformation" time="0.379" classname="com.tours.tests.RegistrationPageTest"/>
  <testcase name="enterMailingInformation" time="0.383" classname="com.tours.tests.RegistrationPageTest"/>
  <testcase name="enterUserInformation" time="0.282" classname="com.tours.tests.RegistrationPageTest"/>
  <testcase name="enterSubmit" time="0.057" classname="com.tours.tests.RegistrationPageTest"/>
  <testcase name="confirmregistrationTest" time="2.14" classname="com.tours.tests.RegistrationPageTest"/>
  <testcase name="enterFlightDetails" time="6.31" classname="com.tours.tests.RegistrationPageTest"/>
  <testcase name="selectDepartureandReturn" time="8.353" classname="com.tours.tests.RegistrationPageTest"/>
  <testcase name="enterBillingAddress" time="0.494" classname="com.tours.tests.RegistrationPageTest"/>
  <testcase name="FightconfirmationDetails" time="0.081" classname="com.tours.tests.RegistrationPageTest"/>
</testsuite> <!-- Test case 1 -->
