<?xml version="1.0" encoding="UTF-8"?>
<!-- Generated by org.testng.reporters.JUnitXMLReporter -->
<testsuite hostname="DESKTOP-MOASIIL" name="Test case 2" tests="9" failures="1" timestamp="30 Jul 2022 17:04:06 GMT" time="26.047" errors="0">
  <testcase name="enterContactInformation" time="10.357" classname="com.tours.tests.RegistrationPageTest">
    <failure type="java.lang.AssertionError" message="Expected condition failed: waiting for com.tours.pages.main.ContactInformation$$Lambda$351/1854889945@31ff51ec (tried for 10 second(s) with 500 milliseconds interval)">
      <![CDATA[java.lang.AssertionError: Expected condition failed: waiting for com.tours.pages.main.ContactInformation$$Lambda$351/1854889945@31ff51ec (tried for 10 second(s) with 500 milliseconds interval)
	at com.tours.tests.RegistrationPageTest.enterContactInformation(RegistrationPageTest.java:54)
	at java.util.concurrent.FutureTask.run(FutureTask.java:266)
	at java.util.concurrent.ThreadPoolExecutor.runWorker(ThreadPoolExecutor.java:1149)
	at java.util.concurrent.ThreadPoolExecutor$Worker.run(ThreadPoolExecutor.java:624)
	at java.lang.Thread.run(Thread.java:748)
... Removed 17 stack frames]]>
    </failure>
  </testcase> <!-- enterContactInformation -->
  <testcase name="enterMailingInformation" time="0.409" classname="com.tours.tests.RegistrationPageTest"/>
  <testcase name="enterUserInformation" time="0.087" classname="com.tours.tests.RegistrationPageTest"/>
  <testcase name="enterSubmit" time="0.0" classname="com.tours.tests.RegistrationPageTest">
    <skipped/>
  </testcase> <!-- enterSubmit -->
  <testcase name="confirmregistrationTest" time="0.0" classname="com.tours.tests.RegistrationPageTest">
    <skipped/>
  </testcase> <!-- confirmregistrationTest -->
  <testcase name="enterFlightDetails" time="0.0" classname="com.tours.tests.RegistrationPageTest">
    <skipped/>
  </testcase> <!-- enterFlightDetails -->
  <testcase name="selectDepartureandReturn" time="0.0" classname="com.tours.tests.RegistrationPageTest">
    <skipped/>
  </testcase> <!-- selectDepartureandReturn -->
  <testcase name="enterBillingAddress" time="0.0" classname="com.tours.tests.RegistrationPageTest">
    <skipped/>
  </testcase> <!-- enterBillingAddress -->
  <testcase name="FightconfirmationDetails" time="0.0" classname="com.tours.tests.RegistrationPageTest">
    <skipped/>
  </testcase> <!-- FightconfirmationDetails -->
</testsuite> <!-- Test case 2 -->
