<?xml version="1.0" encoding="UTF-8"?>
<testsuite xmlns:xsi="http://www.w3.org/2001/XMLSchema-instance" xsi:noNamespaceSchemaLocation="https://maven.apache.org/surefire/maven-surefire-plugin/xsd/surefire-test-report-3.0.xsd" version="3.0" name="TestSuite" time="33.342" tests="10" errors="0" skipped="0" failures="1">
  <properties>
[...]
</properties>
  <testcase name="enterContactInformation" classname="com.tours.tests.RegistrationPageTest" time="0.189">
    <system-out><![CDATA[going to initiate browser --->  firefox
initializing browser on the go
]]></system-out>
    <system-err><![CDATA[SLF4J: Failed to load class "org.slf4j.impl.StaticLoggerBinder".
SLF4J: Defaulting to no-operation (NOP) logger implementation
SLF4J: See http://www.slf4j.org/codes.html#StaticLoggerBinder for further details.
1659191493140	geckodriver	INFO	Listening on 127.0.0.1:54525
1659191494285	mozrunner::runner	INFO	Running command: "C:\\Program Files\\Mozilla Firefox\\firefox.exe" "--marionette" "--remote-debugging-port" "53857" "--remote-allow-hosts" "localhost" "--remote-allow-origins" "http://localhost:53857/" "-no-remote" "-profile" "C:\\Users\\AVITA\\AppData\\Local\\Temp\\rust_mozprofileQ6MQYV"
console.error: Enterprise Policies: 
  Unknown policy: QuicAllowed
1659191494730	Marionette	INFO	Marionette enabled
1659191494738	Marionette	INFO	Listening on port 65266
WebDriver BiDi listening on ws://localhost:53857
Read port: 65266
1659191494961	RemoteAgent	WARN	TLS certificate errors will be ignored for this session
console.warn: SearchSettings: "get: No settings file exists, new profile?" (new NotFoundError("Could not open the file at C:\\Users\\AVITA\\AppData\\Local\\Temp\\rust_mozprofileQ6MQYV\\search.json.mozlz4", (void 0)))
DevTools listening on ws://localhost:53857/devtools/browser/58451990-465d-41e9-934a-9e1adb67b5db
Jul 30, 2022 8:01:37 PM org.openqa.selenium.remote.ProtocolHandshake createSession
INFO: Detected upstream dialect: W3C
]]></system-err>
  </testcase>
  <testcase name="enterMailingInformation" classname="com.tours.tests.RegistrationPageTest" time="0.414"/>
  <testcase name="enterUserInformation" classname="com.tours.tests.RegistrationPageTest" time="0.115"/>
  <testcase name="enterSubmit" classname="com.tours.tests.RegistrationPageTest" time="0.23"/>
  <testcase name="confirmregistrationTest" classname="com.tours.tests.RegistrationPageTest" time="2.11">
    <system-out><![CDATA[Thank you for registering. You may now sign-in using the user name and password you've just entered.
]]></system-out>
  </testcase>
  <testcase name="enterFlightDetails" classname="com.tours.tests.RegistrationPageTest" time="7.245"/>
  <testcase name="selectDepartureandReturn" classname="com.tours.tests.RegistrationPageTest" time="8.785"/>
  <testcase name="enterBillingAddress" classname="com.tours.tests.RegistrationPageTest" time="0.328"/>
  <testcase name="FightconfirmationDetails" classname="com.tours.tests.RegistrationPageTest" time="0.041">
    <system-out><![CDATA[Total Price :: $1169 USD
Tax :: $89 USD
Flight Confirmation ::  2022-6-1659191523599
]]></system-out>
  </testcase>
  <testcase name="close" classname="com.tours.tests.RegistrationPageTest" time="0.979">
    <failure message="Tried to run command without establishing a connection&#10;Build info: version: &apos;4.3.0&apos;, revision: &apos;a4995e2c09*&apos;&#10;System info: host: &apos;DESKTOP-MOASIIL&apos;, ip: &apos;172.20.240.1&apos;, os.name: &apos;Windows 10&apos;, os.arch: &apos;amd64&apos;, os.version: &apos;10.0&apos;, java.version: &apos;1.8.0_281&apos;&#10;Driver info: org.openqa.selenium.firefox.FirefoxDriver&#10;Command: [1c65b87d-0d09-491b-bbb2-8735deca2feb, quit {}]&#10;Capabilities {acceptInsecureCerts: true, browserName: firefox, browserVersion: 103.0, moz:accessibilityChecks: false, moz:buildID: 20220718155818, moz:debuggerAddress: localhost:53857, moz:geckodriverVersion: 0.31.0, moz:headless: false, moz:platformVersion: 10.0, moz:processID: 21592, moz:profile: C:\Users\AVITA\AppData\Loca..., moz:shutdownTimeout: 60000, moz:useNonSpecCompliantPointerOrigin: false, moz:webdriverClick: true, moz:windowless: false, pageLoadStrategy: normal, platformName: WINDOWS, proxy: Proxy(), se:cdp: ws://localhost:53857/devtoo..., se:cdpVersion: 85.0, setWindowRect: true, strictFileInteractability: false, timeouts: {implicit: 0, pageLoad: 300000, script: 30000}, unhandledPromptBehavior: dismiss and notify}&#10;Session ID: 1c65b87d-0d09-491b-bbb2-8735deca2feb" type="org.openqa.selenium.NoSuchSessionException"><![CDATA[org.openqa.selenium.NoSuchSessionException: 
Tried to run command without establishing a connection
Build info: version: '4.3.0', revision: 'a4995e2c09*'
System info: host: 'DESKTOP-MOASIIL', ip: '172.20.240.1', os.name: 'Windows 10', os.arch: 'amd64', os.version: '10.0', java.version: '1.8.0_281'
Driver info: org.openqa.selenium.firefox.FirefoxDriver
Command: [1c65b87d-0d09-491b-bbb2-8735deca2feb, quit {}]
Capabilities {acceptInsecureCerts: true, browserName: firefox, browserVersion: 103.0, moz:accessibilityChecks: false, moz:buildID: 20220718155818, moz:debuggerAddress: localhost:53857, moz:geckodriverVersion: 0.31.0, moz:headless: false, moz:platformVersion: 10.0, moz:processID: 21592, moz:profile: C:\Users\AVITA\AppData\Loca..., moz:shutdownTimeout: 60000, moz:useNonSpecCompliantPointerOrigin: false, moz:webdriverClick: true, moz:windowless: false, pageLoadStrategy: normal, platformName: WINDOWS, proxy: Proxy(), se:cdp: ws://localhost:53857/devtoo..., se:cdpVersion: 85.0, setWindowRect: true, strictFileInteractability: false, timeouts: {implicit: 0, pageLoad: 300000, script: 30000}, unhandledPromptBehavior: dismiss and notify}
Session ID: 1c65b87d-0d09-491b-bbb2-8735deca2feb
	at sun.reflect.NativeConstructorAccessorImpl.newInstance0(Native Method)
	at sun.reflect.NativeConstructorAccessorImpl.newInstance(NativeConstructorAccessorImpl.java:62)
	at sun.reflect.DelegatingConstructorAccessorImpl.newInstance(DelegatingConstructorAccessorImpl.java:45)
	at java.lang.reflect.Constructor.newInstance(Constructor.java:423)
	at org.openqa.selenium.remote.codec.w3c.W3CHttpResponseCodec.createException(W3CHttpResponseCodec.java:200)
	at org.openqa.selenium.remote.codec.w3c.W3CHttpResponseCodec.decode(W3CHttpResponseCodec.java:133)
	at org.openqa.selenium.remote.codec.w3c.W3CHttpResponseCodec.decode(W3CHttpResponseCodec.java:53)
	at org.openqa.selenium.remote.HttpCommandExecutor.execute(HttpCommandExecutor.java:184)
	at org.openqa.selenium.remote.service.DriverCommandExecutor.invokeExecute(DriverCommandExecutor.java:167)
	at org.openqa.selenium.remote.service.DriverCommandExecutor.lambda$execute$1(DriverCommandExecutor.java:105)
	at java.util.concurrent.CompletableFuture$AsyncSupply.run(CompletableFuture.java:1604)
	at java.util.concurrent.ThreadPoolExecutor.runWorker(ThreadPoolExecutor.java:1149)
	at java.util.concurrent.ThreadPoolExecutor$Worker.run(ThreadPoolExecutor.java:624)
	at java.lang.Thread.run(Thread.java:748)
]]></failure>
    <system-err><![CDATA[1659191523893	CDP	ERROR	Invalid browser preferences for CDP. Set "fission.webContentIsolationStrategy"to 0 and "fission.bfcacheInParent" to false before Firefox starts.
Jul 30, 2022 8:02:03 PM org.openqa.selenium.devtools.CdpVersionFinder findNearestMatch
INFO: Found exact CDP implementation for version 85
1659191523929	Marionette	INFO	Stopped listening on port 65266
[Parent 21592, IPC I/O Parent] WARNING: file /builds/worker/checkouts/gecko/ipc/chromium/src/base/process_util_win.cc:167
]]></system-err>
  </testcase>
</testsuite>